#! /usr/local/bin/vvp
:ivl_version "11.0 (stable)" "(v11_0-132-gb2f2414f4)";
:ivl_delay_selection "TYPICAL";
:vpi_time_precision + 0;
:vpi_module "/usr/local/lib/ivl/system.vpi";
:vpi_module "/usr/local/lib/ivl/vhdl_sys.vpi";
:vpi_module "/usr/local/lib/ivl/vhdl_textio.vpi";
:vpi_module "/usr/local/lib/ivl/v2005_math.vpi";
:vpi_module "/usr/local/lib/ivl/va_math.vpi";
S_0x5584634621e0 .scope module, "rcvr_test" "rcvr_test" 2 1;
 .timescale 0 0;
P_0x558463467be0 .param/l "head" 1 2 4, C4<10100101>;
P_0x558463467c20 .param/str "message_send" 1 2 3, "I Love Verilog";
v0x558463493a60_0 .var "clock", 0 0;
v0x558463493b40_0 .var "data_in", 0 0;
o0x7f44a51a51c8 .functor BUFZ 8, C4<zzzzzzzz>; HiZ drive
v0x558463493c00_0 .net "data_out", 7 0, o0x7f44a51a51c8;  0 drivers
o0x7f44a51a51f8 .functor BUFZ 1, C4<z>; HiZ drive
v0x558463493cc0_0 .net "overrun", 0 0, o0x7f44a51a51f8;  0 drivers
v0x558463493d80_0 .var "reading", 0 0;
o0x7f44a51a5258 .functor BUFZ 1, C4<z>; HiZ drive
v0x558463493e90_0 .net "ready", 0 0, o0x7f44a51a5258;  0 drivers
v0x558463493f50_0 .var "reset", 0 0;
E_0x558463473180 .event posedge, v0x558463493cc0_0;
S_0x55846343ae00 .scope begin, "RCV" "RCV" 2 45, 2 45 0, S_0x5584634621e0;
 .timescale 0 0;
v0x558463462a70_0 .var/i "i", 31 0;
v0x558463462f60_0 .var "message_rcvd", 1 112;
v0x558463463be0_0 .var/i "seed", 31 0;
E_0x5584634732e0 .event negedge, v0x558463493a60_0;
E_0x558463472de0 .event posedge, v0x558463493e90_0;
S_0x558463493780 .scope begin, "XMT" "XMT" 2 28, 2 28 0, S_0x5584634621e0;
 .timescale 0 0;
v0x558463464220_0 .var "body", 1 8;
v0x558463465130_0 .var/i "i", 31 0;
v0x558463466ed0_0 .var/i "j", 31 0;
v0x5584634671e0_0 .var/i "seed", 31 0;
    .scope S_0x5584634621e0;
T_0 ;
T_0.0 ;
    %wait E_0x558463473180;
    %vpi_call 2 17 "$display", "At time %0d: Data out buffer is overrun", $time {0 0 0};
    %jmp T_0.0;
    %end;
    .thread T_0;
    .scope S_0x5584634621e0;
T_1 ;
    %pushi/vec4 300, 0, 32;
T_1.0 %dup/vec4;
    %pushi/vec4 0, 0, 32;
    %cmp/s;
    %jmp/1xz T_1.1, 5;
    %jmp/1 T_1.1, 4;
    %pushi/vec4 1, 0, 32;
    %sub;
    %pushi/vec4 1, 0, 1;
    %store/vec4 v0x558463493a60_0, 0, 1;
    %delay 1, 0;
    %pushi/vec4 0, 0, 1;
    %store/vec4 v0x558463493a60_0, 0, 1;
    %delay 1, 0;
    %jmp T_1.0;
T_1.1 ;
    %pop/vec4 1;
    %vpi_call 2 24 "$display", "TEST TIMEOUT" {0 0 0};
    %vpi_call 2 25 "$finish" {0 0 0};
    %end;
    .thread T_1;
    .scope S_0x5584634621e0;
T_2 ;
    %fork t_1, S_0x558463493780;
    %jmp t_0;
    .scope S_0x558463493780;
t_1 ;
    %pushi/vec4 42, 0, 32;
    %store/vec4 v0x5584634671e0_0, 0, 32;
    %wait E_0x5584634732e0;
    %pushi/vec4 1, 0, 1;
    %store/vec4 v0x558463493f50_0, 0, 1;
    %pushi/vec4 0, 0, 1;
    %store/vec4 v0x558463493b40_0, 0, 1;
    %pushi/vec4 0, 0, 1;
    %store/vec4 v0x558463493d80_0, 0, 1;
    %wait E_0x5584634732e0;
    %pushi/vec4 0, 0, 1;
    %store/vec4 v0x558463493f50_0, 0, 1;
    %vpi_call 2 34 "$display", "Message sending:  %s", P_0x558463467c20 {0 0 0};
    %pushi/vec4 1, 0, 32;
    %store/vec4 v0x558463465130_0, 0, 32;
T_2.0 ;
    %load/vec4 v0x558463465130_0;
    %cmpi/s 14, 0, 32;
    %flag_or 5, 4;
    %jmp/0xz T_2.1, 5;
    %vpi_func 2 37 "$dist_uniform" 32, v0x5584634671e0_0, 32'sb00000000000000000000000000000000, 32'sb00000000000000000000000000001000 {0 0 0};
T_2.2 %dup/vec4;
    %pushi/vec4 0, 0, 32;
    %cmp/s;
    %jmp/1xz T_2.3, 5;
    %jmp/1 T_2.3, 4;
    %pushi/vec4 1, 0, 32;
    %sub;
    %wait E_0x5584634732e0;
    %jmp T_2.2;
T_2.3 ;
    %pop/vec4 1;
    %pushi/vec4 1, 0, 32;
    %store/vec4 v0x558463466ed0_0, 0, 32;
T_2.4 ;
    %load/vec4 v0x558463466ed0_0;
    %cmpi/s 8, 0, 32;
    %flag_or 5, 4;
    %jmp/0xz T_2.5, 5;
    %wait E_0x5584634732e0;
    %pushi/vec4 165, 0, 8;
    %pushi/vec4 8, 0, 34;
    %load/vec4 v0x558463466ed0_0;
    %pad/s 34;
    %sub;
    %part/s 1;
    %store/vec4 v0x558463493b40_0, 0, 1;
    %load/vec4 v0x558463466ed0_0;
    %addi 1, 0, 32;
    %store/vec4 v0x558463466ed0_0, 0, 32;
    %jmp T_2.4;
T_2.5 ;
    %pushi/vec4 1226853487, 0, 32; draw_string_vec4
    %pushi/vec4 1986338902, 0, 32; draw_string_vec4
    %concat/vec4; draw_string_vec4
    %pushi/vec4 1701996908, 0, 32; draw_string_vec4
    %concat/vec4; draw_string_vec4
    %pushi/vec4 28519, 0, 16; draw_string_vec4
    %concat/vec4; draw_string_vec4
    %pushi/vec4 112, 0, 34;
    %load/vec4 v0x558463465130_0;
    %muli 8, 0, 32;
    %pad/s 34;
    %sub;
    %part/s 8;
    %store/vec4 v0x558463464220_0, 0, 8;
    %pushi/vec4 1, 0, 32;
    %store/vec4 v0x558463466ed0_0, 0, 32;
T_2.6 ;
    %load/vec4 v0x558463466ed0_0;
    %cmpi/s 8, 0, 32;
    %flag_or 5, 4;
    %jmp/0xz T_2.7, 5;
    %wait E_0x5584634732e0;
    %load/vec4 v0x558463464220_0;
    %pushi/vec4 8, 0, 34;
    %load/vec4 v0x558463466ed0_0;
    %pad/s 34;
    %sub;
    %part/s 1;
    %store/vec4 v0x558463493b40_0, 0, 1;
    %load/vec4 v0x558463466ed0_0;
    %addi 1, 0, 32;
    %store/vec4 v0x558463466ed0_0, 0, 32;
    %jmp T_2.6;
T_2.7 ;
    %vpi_call 2 41 "$display", "At time %0d: Put character \042%s\042", $time, v0x558463464220_0 {0 0 0};
    %load/vec4 v0x558463465130_0;
    %addi 1, 0, 32;
    %store/vec4 v0x558463465130_0, 0, 32;
    %jmp T_2.0;
T_2.1 ;
    %end;
    .scope S_0x5584634621e0;
t_0 %join;
    %end;
    .thread T_2;
    .scope S_0x5584634621e0;
T_3 ;
    %fork t_3, S_0x55846343ae00;
    %jmp t_2;
    .scope S_0x55846343ae00;
t_3 ;
    %pushi/vec4 86, 0, 32;
    %store/vec4 v0x558463463be0_0, 0, 32;
    %pushi/vec4 1, 0, 32;
    %store/vec4 v0x558463462a70_0, 0, 32;
T_3.0 ;
    %load/vec4 v0x558463462a70_0;
    %cmpi/s 14, 0, 32;
    %flag_or 5, 4;
    %jmp/0xz T_3.1, 5;
    %wait E_0x558463472de0;
    %vpi_func 2 52 "$dist_uniform" 32, v0x558463463be0_0, 32'sb00000000000000000000000000000000, 32'sb00000000000000000000000000001110 {0 0 0};
T_3.2 %dup/vec4;
    %pushi/vec4 0, 0, 32;
    %cmp/s;
    %jmp/1xz T_3.3, 5;
    %jmp/1 T_3.3, 4;
    %pushi/vec4 1, 0, 32;
    %sub;
    %wait E_0x5584634732e0;
    %jmp T_3.2;
T_3.3 ;
    %pop/vec4 1;
    %wait E_0x5584634732e0;
    %pushi/vec4 1, 0, 1;
    %store/vec4 v0x558463493d80_0, 0, 1;
    %wait E_0x5584634732e0;
    %pushi/vec4 0, 0, 1;
    %store/vec4 v0x558463493d80_0, 0, 1;
    %vpi_call 2 55 "$display", "At time %0d: Got character \042%s\042", $time, v0x558463493c00_0 {0 0 0};
    %load/vec4 v0x558463493c00_0;
    %pushi/vec4 112, 0, 34;
    %load/vec4 v0x558463462a70_0;
    %muli 8, 0, 32;
    %pad/s 34;
    %sub;
    %ix/vec4/s 4;
    %store/vec4 v0x558463462f60_0, 4, 8;
    %load/vec4 v0x558463462a70_0;
    %addi 1, 0, 32;
    %store/vec4 v0x558463462a70_0, 0, 32;
    %jmp T_3.0;
T_3.1 ;
    %vpi_call 2 58 "$display", "Message received: %s", v0x558463462f60_0 {0 0 0};
    %vpi_call 2 59 "$display", "TEST DONE" {0 0 0};
    %vpi_call 2 60 "$finish" {0 0 0};
    %end;
    .scope S_0x5584634621e0;
t_2 %join;
    %end;
    .thread T_3;
# The file index is used to find the file name in the following table.
:file_names 3;
    "N/A";
    "<interactive>";
    "/home/pesadaum/work/cademics/src/14_fsm/rcvr_test.v";
