#! /usr/local/bin/vvp
:ivl_version "11.0 (stable)" "(v11_0-132-gb2f2414f4)";
:ivl_delay_selection "TYPICAL";
:vpi_time_precision + 0;
:vpi_module "/usr/local/lib/ivl/system.vpi";
:vpi_module "/usr/local/lib/ivl/vhdl_sys.vpi";
:vpi_module "/usr/local/lib/ivl/vhdl_textio.vpi";
:vpi_module "/usr/local/lib/ivl/v2005_math.vpi";
:vpi_module "/usr/local/lib/ivl/va_math.vpi";
S_0x55a6f6ecbd80 .scope module, "alu" "alu" 2 1;
 .timescale 0 0;
    .port_info 0 /INPUT 8 "in_a";
    .port_info 1 /INPUT 8 "in_b";
    .port_info 2 /INPUT 3 "opcode";
    .port_info 3 /OUTPUT 8 "alu_out";
    .port_info 4 /OUTPUT 1 "a_is_zero";
P_0x55a6f6ecbf10 .param/l "WIDTH" 0 2 2, +C4<00000000000000000000000000001000>;
v0x55a6f6ecbfb0_0 .net *"_ivl_0", 31 0, L_0x55a6f6f169d0;  1 drivers
L_0x7ff53897a018 .functor BUFT 1, C4<000000000000000000000000>, C4<0>, C4<0>, C4<0>;
v0x55a6f6f16300_0 .net *"_ivl_3", 23 0, L_0x7ff53897a018;  1 drivers
L_0x7ff53897a060 .functor BUFT 1, C4<00000000000000000000000000000000>, C4<0>, C4<0>, C4<0>;
v0x55a6f6f163e0_0 .net/2u *"_ivl_4", 31 0, L_0x7ff53897a060;  1 drivers
v0x55a6f6f164a0_0 .net "a_is_zero", 0 0, L_0x55a6f6f26b20;  1 drivers
v0x55a6f6f16560_0 .var "alu_out", 7 0;
o0x7ff5389c3108 .functor BUFZ 8, C4<zzzzzzzz>; HiZ drive
v0x55a6f6f16690_0 .net "in_a", 7 0, o0x7ff5389c3108;  0 drivers
o0x7ff5389c3138 .functor BUFZ 8, C4<zzzzzzzz>; HiZ drive
v0x55a6f6f16770_0 .net "in_b", 7 0, o0x7ff5389c3138;  0 drivers
o0x7ff5389c3168 .functor BUFZ 3, C4<zzz>; HiZ drive
v0x55a6f6f16850_0 .net "opcode", 2 0, o0x7ff5389c3168;  0 drivers
E_0x55a6f6f03ea0 .event edge, v0x55a6f6f16850_0, v0x55a6f6f16690_0, v0x55a6f6f16770_0;
L_0x55a6f6f169d0 .concat [ 8 24 0 0], o0x7ff5389c3108, L_0x7ff53897a018;
L_0x55a6f6f26b20 .cmp/eq 32, L_0x55a6f6f169d0, L_0x7ff53897a060;
    .scope S_0x55a6f6ecbd80;
T_0 ;
    %wait E_0x55a6f6f03ea0;
    %load/vec4 v0x55a6f6f16850_0;
    %dup/vec4;
    %pushi/vec4 0, 0, 3;
    %cmp/u;
    %jmp/1 T_0.0, 6;
    %dup/vec4;
    %pushi/vec4 1, 0, 3;
    %cmp/u;
    %jmp/1 T_0.1, 6;
    %dup/vec4;
    %pushi/vec4 2, 0, 3;
    %cmp/u;
    %jmp/1 T_0.2, 6;
    %dup/vec4;
    %pushi/vec4 3, 0, 3;
    %cmp/u;
    %jmp/1 T_0.3, 6;
    %dup/vec4;
    %pushi/vec4 4, 0, 3;
    %cmp/u;
    %jmp/1 T_0.4, 6;
    %dup/vec4;
    %pushi/vec4 5, 0, 3;
    %cmp/u;
    %jmp/1 T_0.5, 6;
    %dup/vec4;
    %pushi/vec4 6, 0, 3;
    %cmp/u;
    %jmp/1 T_0.6, 6;
    %dup/vec4;
    %pushi/vec4 7, 0, 3;
    %cmp/u;
    %jmp/1 T_0.7, 6;
    %pushi/vec4 0, 255, 8;
    %store/vec4 v0x55a6f6f16560_0, 0, 8;
    %jmp T_0.9;
T_0.0 ;
    %load/vec4 v0x55a6f6f16690_0;
    %store/vec4 v0x55a6f6f16560_0, 0, 8;
    %jmp T_0.9;
T_0.1 ;
    %load/vec4 v0x55a6f6f16690_0;
    %store/vec4 v0x55a6f6f16560_0, 0, 8;
    %jmp T_0.9;
T_0.2 ;
    %load/vec4 v0x55a6f6f16690_0;
    %load/vec4 v0x55a6f6f16770_0;
    %add;
    %store/vec4 v0x55a6f6f16560_0, 0, 8;
    %jmp T_0.9;
T_0.3 ;
    %load/vec4 v0x55a6f6f16690_0;
    %load/vec4 v0x55a6f6f16770_0;
    %and;
    %store/vec4 v0x55a6f6f16560_0, 0, 8;
    %jmp T_0.9;
T_0.4 ;
    %load/vec4 v0x55a6f6f16690_0;
    %load/vec4 v0x55a6f6f16770_0;
    %xor;
    %store/vec4 v0x55a6f6f16560_0, 0, 8;
    %jmp T_0.9;
T_0.5 ;
    %load/vec4 v0x55a6f6f16770_0;
    %store/vec4 v0x55a6f6f16560_0, 0, 8;
    %jmp T_0.9;
T_0.6 ;
    %load/vec4 v0x55a6f6f16690_0;
    %store/vec4 v0x55a6f6f16560_0, 0, 8;
    %jmp T_0.9;
T_0.7 ;
    %load/vec4 v0x55a6f6f16690_0;
    %store/vec4 v0x55a6f6f16560_0, 0, 8;
    %jmp T_0.9;
T_0.9 ;
    %pop/vec4 1;
    %jmp T_0;
    .thread T_0, $push;
# The file index is used to find the file name in the following table.
:file_names 3;
    "N/A";
    "<interactive>";
    "/home/pesadaum/work/cademics/src/05_alu/alu.v";
