#! /usr/local/bin/vvp
:ivl_version "11.0 (stable)" "(v11_0-132-gb2f2414f4)";
:ivl_delay_selection "TYPICAL";
:vpi_time_precision + 0;
:vpi_module "/usr/local/lib/ivl/system.vpi";
:vpi_module "/usr/local/lib/ivl/vhdl_sys.vpi";
:vpi_module "/usr/local/lib/ivl/vhdl_textio.vpi";
:vpi_module "/usr/local/lib/ivl/v2005_math.vpi";
:vpi_module "/usr/local/lib/ivl/va_math.vpi";
S_0x563dcb7afe30 .scope module, "memory_test" "memory_test" 2 1;
 .timescale 0 0;
P_0x563dcb7d4010 .param/l "AWIDTH" 1 2 3, +C4<00000000000000000000000000000101>;
P_0x563dcb7d4050 .param/l "DWIDTH" 1 2 4, +C4<00000000000000000000000000001000>;
L_0x563dcb7dc920 .functor BUFZ 8, v0x563dcb80b970_0, C4<00000000>, C4<00000000>, C4<00000000>;
v0x563dcb7da5e0_0 .var "addr", 4 0;
v0x563dcb7db3a0_0 .var "clk", 0 0;
v0x563dcb7dc430_0 .net "data", 7 0, L_0x563dcb7dc920;  1 drivers
v0x563dcb80b8b0_0 .var "rd", 0 0;
v0x563dcb80b970_0 .var "rdata", 7 0;
v0x563dcb80baa0_0 .var "wr", 0 0;
S_0x563dcb7de770 .scope begin, "TEST" "TEST" 2 44, 2 44 0, S_0x563dcb7afe30;
 .timescale 0 0;
v0x563dcb7ddf00_0 .var "addr", 4 0;
v0x563dcb7d8be0_0 .var "data", 7 0;
E_0x563dcb7e7da0 .event negedge, v0x563dcb7db3a0_0;
S_0x563dcb80b5d0 .scope task, "expect" "expect" 2 29, 2 29 0, S_0x563dcb7afe30;
 .timescale 0 0;
v0x563dcb7d98b0_0 .var "exp_data", 7 0;
TD_memory_test.expect ;
    %load/vec4 v0x563dcb7dc430_0;
    %load/vec4 v0x563dcb7d98b0_0;
    %cmp/ne;
    %jmp/0xz  T_0.0, 6;
    %vpi_call 2 32 "$display", "TEST FAILED" {0 0 0};
    %vpi_call 2 33 "$display", "At time %0d addr=%b data=%b", $time, v0x563dcb7da5e0_0, v0x563dcb7dc430_0 {0 0 0};
    %vpi_call 2 34 "$display", "data should be %b", v0x563dcb7d98b0_0 {0 0 0};
    %vpi_call 2 35 "$finish" {0 0 0};
    %jmp T_0.1;
T_0.0 ;
    %vpi_call 2 38 "$display", "At time %0d addr=%b data=%b", $time, v0x563dcb7da5e0_0, v0x563dcb7dc430_0 {0 0 0};
T_0.1 ;
    %end;
    .scope S_0x563dcb7afe30;
T_1 ;
    %pushi/vec4 67, 0, 32;
T_1.0 %dup/vec4;
    %pushi/vec4 0, 0, 32;
    %cmp/s;
    %jmp/1xz T_1.1, 5;
    %jmp/1 T_1.1, 4;
    %pushi/vec4 1, 0, 32;
    %sub;
    %delay 5, 0;
    %pushi/vec4 1, 0, 1;
    %store/vec4 v0x563dcb7db3a0_0, 0, 1;
    %delay 5, 0;
    %pushi/vec4 0, 0, 1;
    %store/vec4 v0x563dcb7db3a0_0, 0, 1;
    %jmp T_1.0;
T_1.1 ;
    %pop/vec4 1;
    %end;
    .thread T_1;
    .scope S_0x563dcb7afe30;
T_2 ;
    %wait E_0x563dcb7e7da0;
    %fork t_1, S_0x563dcb7de770;
    %jmp t_0;
    .scope S_0x563dcb7de770;
t_1 ;
    %pushi/vec4 0, 0, 5;
    %store/vec4 v0x563dcb7ddf00_0, 0, 5;
    %pushi/vec4 255, 0, 8;
    %store/vec4 v0x563dcb7d8be0_0, 0, 8;
    %vpi_call 2 48 "$display", "Writing addr=%b data=%b", v0x563dcb7ddf00_0, v0x563dcb7d8be0_0 {0 0 0};
    %pushi/vec4 1, 0, 1;
    %store/vec4 v0x563dcb80baa0_0, 0, 1;
    %pushi/vec4 0, 0, 1;
    %store/vec4 v0x563dcb80b8b0_0, 0, 1;
    %load/vec4 v0x563dcb7ddf00_0;
    %store/vec4 v0x563dcb7da5e0_0, 0, 5;
    %load/vec4 v0x563dcb7d8be0_0;
    %store/vec4 v0x563dcb80b970_0, 0, 8;
    %wait E_0x563dcb7e7da0;
    %pushi/vec4 31, 0, 5;
    %store/vec4 v0x563dcb7ddf00_0, 0, 5;
    %pushi/vec4 0, 0, 8;
    %store/vec4 v0x563dcb7d8be0_0, 0, 8;
    %vpi_call 2 51 "$display", "Writing addr=%b data=%b", v0x563dcb7ddf00_0, v0x563dcb7d8be0_0 {0 0 0};
    %pushi/vec4 1, 0, 1;
    %store/vec4 v0x563dcb80baa0_0, 0, 1;
    %pushi/vec4 0, 0, 1;
    %store/vec4 v0x563dcb80b8b0_0, 0, 1;
    %load/vec4 v0x563dcb7ddf00_0;
    %store/vec4 v0x563dcb7da5e0_0, 0, 5;
    %load/vec4 v0x563dcb7d8be0_0;
    %store/vec4 v0x563dcb80b970_0, 0, 8;
    %wait E_0x563dcb7e7da0;
    %pushi/vec4 0, 0, 5;
    %store/vec4 v0x563dcb7ddf00_0, 0, 5;
    %pushi/vec4 255, 0, 8;
    %store/vec4 v0x563dcb7d8be0_0, 0, 8;
    %vpi_call 2 54 "$display", "Reading addr=%b data=%b", v0x563dcb7ddf00_0, v0x563dcb7d8be0_0 {0 0 0};
    %pushi/vec4 0, 0, 1;
    %store/vec4 v0x563dcb80baa0_0, 0, 1;
    %pushi/vec4 1, 0, 1;
    %store/vec4 v0x563dcb80b8b0_0, 0, 1;
    %load/vec4 v0x563dcb7ddf00_0;
    %store/vec4 v0x563dcb7da5e0_0, 0, 5;
    %pushi/vec4 0, 255, 8;
    %store/vec4 v0x563dcb80b970_0, 0, 8;
    %wait E_0x563dcb7e7da0;
    %load/vec4 v0x563dcb7d8be0_0;
    %store/vec4 v0x563dcb7d98b0_0, 0, 8;
    %fork TD_memory_test.expect, S_0x563dcb80b5d0;
    %join;
    %pushi/vec4 31, 0, 5;
    %store/vec4 v0x563dcb7ddf00_0, 0, 5;
    %pushi/vec4 0, 0, 8;
    %store/vec4 v0x563dcb7d8be0_0, 0, 8;
    %vpi_call 2 57 "$display", "Reading addr=%b data=%b", v0x563dcb7ddf00_0, v0x563dcb7d8be0_0 {0 0 0};
    %pushi/vec4 0, 0, 1;
    %store/vec4 v0x563dcb80baa0_0, 0, 1;
    %pushi/vec4 1, 0, 1;
    %store/vec4 v0x563dcb80b8b0_0, 0, 1;
    %load/vec4 v0x563dcb7ddf00_0;
    %store/vec4 v0x563dcb7da5e0_0, 0, 5;
    %pushi/vec4 0, 255, 8;
    %store/vec4 v0x563dcb80b970_0, 0, 8;
    %wait E_0x563dcb7e7da0;
    %load/vec4 v0x563dcb7d8be0_0;
    %store/vec4 v0x563dcb7d98b0_0, 0, 8;
    %fork TD_memory_test.expect, S_0x563dcb80b5d0;
    %join;
    %vpi_call 2 59 "$display", "Writing ascending data to   descending addresses" {0 0 0};
    %pushi/vec4 31, 0, 5;
    %store/vec4 v0x563dcb7ddf00_0, 0, 5;
    %pushi/vec4 0, 0, 8;
    %store/vec4 v0x563dcb7d8be0_0, 0, 8;
T_2.0 ;
    %load/vec4 v0x563dcb7ddf00_0;
    %or/r;
    %flag_set/vec4 8;
    %jmp/0xz T_2.1, 8;
    %pushi/vec4 1, 0, 1;
    %store/vec4 v0x563dcb80baa0_0, 0, 1;
    %pushi/vec4 0, 0, 1;
    %store/vec4 v0x563dcb80b8b0_0, 0, 1;
    %load/vec4 v0x563dcb7ddf00_0;
    %store/vec4 v0x563dcb7da5e0_0, 0, 5;
    %load/vec4 v0x563dcb7d8be0_0;
    %store/vec4 v0x563dcb80b970_0, 0, 8;
    %wait E_0x563dcb7e7da0;
    %load/vec4 v0x563dcb7ddf00_0;
    %subi 1, 0, 5;
    %store/vec4 v0x563dcb7ddf00_0, 0, 5;
    %load/vec4 v0x563dcb7d8be0_0;
    %addi 1, 0, 8;
    %store/vec4 v0x563dcb7d8be0_0, 0, 8;
    %jmp T_2.0;
T_2.1 ;
    %vpi_call 2 66 "$display", "Reading ascending data from descending addresses" {0 0 0};
    %pushi/vec4 31, 0, 5;
    %store/vec4 v0x563dcb7ddf00_0, 0, 5;
    %pushi/vec4 0, 0, 8;
    %store/vec4 v0x563dcb7d8be0_0, 0, 8;
T_2.2 ;
    %load/vec4 v0x563dcb7ddf00_0;
    %or/r;
    %flag_set/vec4 8;
    %jmp/0xz T_2.3, 8;
    %pushi/vec4 0, 0, 1;
    %store/vec4 v0x563dcb80baa0_0, 0, 1;
    %pushi/vec4 1, 0, 1;
    %store/vec4 v0x563dcb80b8b0_0, 0, 1;
    %load/vec4 v0x563dcb7ddf00_0;
    %store/vec4 v0x563dcb7da5e0_0, 0, 5;
    %pushi/vec4 0, 255, 8;
    %store/vec4 v0x563dcb80b970_0, 0, 8;
    %wait E_0x563dcb7e7da0;
    %load/vec4 v0x563dcb7d8be0_0;
    %store/vec4 v0x563dcb7d98b0_0, 0, 8;
    %fork TD_memory_test.expect, S_0x563dcb80b5d0;
    %join;
    %load/vec4 v0x563dcb7ddf00_0;
    %subi 1, 0, 5;
    %store/vec4 v0x563dcb7ddf00_0, 0, 5;
    %load/vec4 v0x563dcb7d8be0_0;
    %addi 1, 0, 8;
    %store/vec4 v0x563dcb7d8be0_0, 0, 8;
    %jmp T_2.2;
T_2.3 ;
    %vpi_call 2 73 "$display", "TEST PASSED" {0 0 0};
    %vpi_call 2 74 "$finish" {0 0 0};
    %end;
    .scope S_0x563dcb7afe30;
t_0 %join;
    %end;
    .thread T_2;
# The file index is used to find the file name in the following table.
:file_names 3;
    "N/A";
    "<interactive>";
    "/home/pesadaum/work/cademics/src/08_memory/memory_test.v";
