#! /usr/local/bin/vvp
:ivl_version "11.0 (stable)" "(v11_0-132-gb2f2414f4)";
:ivl_delay_selection "TYPICAL";
:vpi_time_precision + 0;
:vpi_module "/usr/local/lib/ivl/system.vpi";
:vpi_module "/usr/local/lib/ivl/vhdl_sys.vpi";
:vpi_module "/usr/local/lib/ivl/vhdl_textio.vpi";
:vpi_module "/usr/local/lib/ivl/v2005_math.vpi";
:vpi_module "/usr/local/lib/ivl/va_math.vpi";
S_0x556d71763d20 .scope module, "ctr_tb" "ctr_tb" 2 1;
 .timescale 0 0;
P_0x556d71763eb0 .param/l "WIDTH" 1 2 3, +C4<00000000000000000000000000000011>;
v0x556d717b6a50_0 .var "clk", 0 0;
o0x7f015cab9078 .functor BUFZ 3, C4<zzz>; HiZ drive
v0x556d717b6b30_0 .net "count", 2 0, o0x7f015cab9078;  0 drivers
v0x556d717b6c10_0 .var "count_reversed", 0 0;
v0x556d717b6ce0_0 .var "enable", 0 0;
v0x556d717b6da0_0 .var/i "i", 31 0;
v0x556d717b6ed0_0 .var "rst", 0 0;
E_0x556d717645e0 .event negedge, v0x556d717b6a50_0;
E_0x556d7179cba0 .event posedge, v0x556d717b6a50_0;
S_0x556d71763f90 .scope task, "expect" "expect" 2 20, 2 20 0, S_0x556d71763d20;
 .timescale 0 0;
v0x556d717652b0_0 .var "exp_out", 2 0;
TD_ctr_tb.expect ;
    %load/vec4 v0x556d717b6b30_0;
    %load/vec4 v0x556d717652b0_0;
    %cmp/ne;
    %jmp/0xz  T_0.0, 6;
    %vpi_call 2 24 "$display", "TEST FAILED" {0 0 0};
    %vpi_call 2 25 "$display", "At time %0d rst=%b enable=%b count_reversed=%b, count=%d", $time, v0x556d717b6ed0_0, v0x556d717b6ce0_0, v0x556d717b6c10_0, v0x556d717b6b30_0 {0 0 0};
    %vpi_call 2 27 "$display", "counter should be %d", v0x556d717652b0_0 {0 0 0};
    %jmp T_0.1;
T_0.0 ;
    %vpi_call 2 32 "$display", "At time %0d rst=%b enable=%b count_reversed=%b, count=%d", $time, v0x556d717b6ed0_0, v0x556d717b6ce0_0, v0x556d717b6c10_0, v0x556d717b6b30_0 {0 0 0};
T_0.1 ;
    %end;
    .scope S_0x556d71763d20;
T_1 ;
    %pushi/vec4 1, 0, 1;
    %store/vec4 v0x556d717b6ed0_0, 0, 1;
    %pushi/vec4 0, 0, 1;
    %store/vec4 v0x556d717b6ce0_0, 0, 1;
    %pushi/vec4 0, 0, 1;
    %store/vec4 v0x556d717b6c10_0, 0, 1;
    %delay 5, 0;
    %end;
    .thread T_1;
    .scope S_0x556d71763d20;
T_2 ;
    %pushi/vec4 16, 0, 32;
T_2.0 %dup/vec4;
    %pushi/vec4 0, 0, 32;
    %cmp/s;
    %jmp/1xz T_2.1, 5;
    %jmp/1 T_2.1, 4;
    %pushi/vec4 1, 0, 32;
    %sub;
    %delay 5, 0;
    %pushi/vec4 0, 0, 1;
    %store/vec4 v0x556d717b6a50_0, 0, 1;
    %delay 5, 0;
    %pushi/vec4 1, 0, 1;
    %store/vec4 v0x556d717b6a50_0, 0, 1;
    %jmp T_2.0;
T_2.1 ;
    %pop/vec4 1;
    %end;
    .thread T_2;
    .scope S_0x556d71763d20;
T_3 ;
    %wait E_0x556d717645e0;
    %vpi_call 2 53 "$display", "testing ascending count\012" {0 0 0};
    %pushi/vec4 1, 0, 1;
    %store/vec4 v0x556d717b6ce0_0, 0, 1;
    %pushi/vec4 0, 0, 1;
    %store/vec4 v0x556d717b6ed0_0, 0, 1;
    %pushi/vec4 0, 0, 32;
    %store/vec4 v0x556d717b6da0_0, 0, 32;
T_3.0 ;
    %load/vec4 v0x556d717b6da0_0;
    %cmpi/s 7, 0, 32;
    %jmp/0xz T_3.1, 5;
    %wait E_0x556d7179cba0;
    %load/vec4 v0x556d717b6da0_0;
    %addi 1, 0, 32;
    %pad/s 3;
    %store/vec4 v0x556d717652b0_0, 0, 3;
    %fork TD_ctr_tb.expect, S_0x556d71763f90;
    %join;
    %load/vec4 v0x556d717b6da0_0;
    %addi 1, 0, 32;
    %store/vec4 v0x556d717b6da0_0, 0, 32;
    %jmp T_3.0;
T_3.1 ;
    %vpi_call 2 60 "$display", "testing descending count\012" {0 0 0};
    %pushi/vec4 9, 0, 32;
    %store/vec4 v0x556d717b6da0_0, 0, 32;
    %pushi/vec4 1, 0, 1;
    %store/vec4 v0x556d717b6ed0_0, 0, 1;
    %pushi/vec4 0, 0, 1;
    %store/vec4 v0x556d717b6ed0_0, 0, 1;
    %pushi/vec4 1, 0, 1;
    %store/vec4 v0x556d717b6c10_0, 0, 1;
    %pushi/vec4 9, 0, 32;
    %store/vec4 v0x556d717b6da0_0, 0, 32;
T_3.2 ;
    %load/vec4 v0x556d717b6da0_0;
    %cmpi/s 4294967295, 0, 32;
    %flag_or 5, 4; GT is !LE
    %flag_inv 5;
    %jmp/0xz T_3.3, 5;
    %wait E_0x556d7179cba0;
    %load/vec4 v0x556d717b6da0_0;
    %addi 1, 0, 32;
    %pad/s 3;
    %store/vec4 v0x556d717652b0_0, 0, 3;
    %fork TD_ctr_tb.expect, S_0x556d71763f90;
    %join;
    %load/vec4 v0x556d717b6da0_0;
    %subi 1, 0, 32;
    %store/vec4 v0x556d717b6da0_0, 0, 32;
    %jmp T_3.2;
T_3.3 ;
    %end;
    .thread T_3;
# The file index is used to find the file name in the following table.
:file_names 3;
    "N/A";
    "<interactive>";
    "/home/pesadaum/work/cademics/src/000_counter_caio/ctr_tb.v";
