#! /usr/local/bin/vvp
:ivl_version "11.0 (stable)" "(v11_0-132-gb2f2414f4)";
:ivl_delay_selection "TYPICAL";
:vpi_time_precision - 12;
:vpi_module "/usr/local/lib/ivl/system.vpi";
:vpi_module "/usr/local/lib/ivl/vhdl_sys.vpi";
:vpi_module "/usr/local/lib/ivl/vhdl_textio.vpi";
:vpi_module "/usr/local/lib/ivl/v2005_math.vpi";
:vpi_module "/usr/local/lib/ivl/va_math.vpi";
S_0x558b38ad6d50 .scope module, "memory_test" "memory_test" 2 3;
 .timescale -9 -12;
P_0x558b38afb710 .param/l "AWIDTH" 1 2 5, +C4<00000000000000000000000000000101>;
P_0x558b38afb750 .param/l "DWIDTH" 1 2 6, +C4<00000000000000000000000000001000>;
L_0x558b38b02190 .functor BUFZ 8, v0x558b38b2e770_0, C4<00000000>, C4<00000000>, C4<00000000>;
v0x558b38b2e400_0 .var "addr", 4 0;
v0x558b38b2e500_0 .var "clk", 0 0;
v0x558b38b2e5c0_0 .net "data", 7 0, L_0x558b38b02190;  1 drivers
v0x558b38b2e6b0_0 .var "rd", 0 0;
v0x558b38b2e770_0 .var "rdata", 7 0;
v0x558b38b2e8a0_0 .var "wr", 0 0;
S_0x558b38ad6f80 .scope begin, "TEST" "TEST" 2 80, 2 80 0, S_0x558b38ad6d50;
 .timescale -9 -12;
v0x558b38b02370_0 .var "addr", 4 0;
v0x558b38b004e0_0 .var "data", 7 0;
S_0x558b38b2d950 .scope task, "expect" "expect" 2 28, 2 28 0, S_0x558b38ad6d50;
 .timescale -9 -12;
v0x558b38b2db50_0 .var "exp_data", 7 0;
TD_memory_test.expect ;
    %load/vec4 v0x558b38b2e5c0_0;
    %load/vec4 v0x558b38b2db50_0;
    %cmp/ne;
    %jmp/0xz  T_0.0, 6;
    %vpi_call 2 31 "$display", "TEST FAILED" {0 0 0};
    %vpi_call 2 32 "$display", "At time %0d addr=%b data=%b", $time, v0x558b38b2e400_0, v0x558b38b2e5c0_0 {0 0 0};
    %vpi_call 2 33 "$display", "data should be %b", v0x558b38b2db50_0 {0 0 0};
    %vpi_call 2 34 "$finish" {0 0 0};
    %jmp T_0.1;
T_0.0 ;
    %vpi_call 2 37 "$timeformat", 32'sb11111111111111111111111111110111, 32'sb00000000000000000000000000000000, "ns", 32'sb00000000000000000000000000000100 {0 0 0};
    %vpi_call 2 38 "$display", "%t addr=%b, exp_data= %b, data=%b", $time, v0x558b38b2e400_0, v0x558b38b2db50_0, v0x558b38b2e5c0_0 {0 0 0};
T_0.1 ;
    %end;
S_0x558b38b2dc30 .scope task, "read" "read" 2 64, 2 64 0, S_0x558b38ad6d50;
 .timescale -9 -12;
v0x558b38b2de60_0 .var "addr", 4 0;
v0x558b38b2df60_0 .var "data", 7 0;
E_0x558b38b14000 .event negedge, v0x558b38b2e500_0;
TD_memory_test.read ;
    %pushi/vec4 0, 0, 1;
    %store/vec4 v0x558b38b2e8a0_0, 0, 1;
    %pushi/vec4 1, 0, 1;
    %store/vec4 v0x558b38b2e6b0_0, 0, 1;
    %load/vec4 v0x558b38b2de60_0;
    %store/vec4 v0x558b38b2e400_0, 0, 5;
    %pushi/vec4 0, 255, 8;
    %store/vec4 v0x558b38b2e770_0, 0, 8;
    %wait E_0x558b38b14000;
    %load/vec4 v0x558b38b2df60_0;
    %store/vec4 v0x558b38b2db50_0, 0, 8;
    %fork TD_memory_test.expect, S_0x558b38b2d950;
    %join;
    %end;
S_0x558b38b2e040 .scope task, "write" "write" 2 46, 2 46 0, S_0x558b38ad6d50;
 .timescale -9 -12;
v0x558b38b2e220_0 .var "addr", 4 0;
v0x558b38b2e320_0 .var "data", 7 0;
TD_memory_test.write ;
    %pushi/vec4 1, 0, 1;
    %store/vec4 v0x558b38b2e8a0_0, 0, 1;
    %pushi/vec4 0, 0, 1;
    %store/vec4 v0x558b38b2e6b0_0, 0, 1;
    %load/vec4 v0x558b38b2e220_0;
    %store/vec4 v0x558b38b2e400_0, 0, 5;
    %load/vec4 v0x558b38b2e320_0;
    %store/vec4 v0x558b38b2e770_0, 0, 8;
    %wait E_0x558b38b14000;
    %end;
    .scope S_0x558b38ad6d50;
T_3 ;
    %pushi/vec4 67, 0, 32;
T_3.0 %dup/vec4;
    %pushi/vec4 0, 0, 32;
    %cmp/s;
    %jmp/1xz T_3.1, 5;
    %jmp/1 T_3.1, 4;
    %pushi/vec4 1, 0, 32;
    %sub;
    %delay 5000, 0;
    %pushi/vec4 1, 0, 1;
    %store/vec4 v0x558b38b2e500_0, 0, 1;
    %delay 5000, 0;
    %pushi/vec4 0, 0, 1;
    %store/vec4 v0x558b38b2e500_0, 0, 1;
    %jmp T_3.0;
T_3.1 ;
    %pop/vec4 1;
    %end;
    .thread T_3;
    .scope S_0x558b38ad6d50;
T_4 ;
    %wait E_0x558b38b14000;
    %fork t_1, S_0x558b38ad6f80;
    %jmp t_0;
    .scope S_0x558b38ad6f80;
t_1 ;
    %pushi/vec4 31, 0, 5;
    %store/vec4 v0x558b38b02370_0, 0, 5;
    %pushi/vec4 0, 0, 8;
    %store/vec4 v0x558b38b004e0_0, 0, 8;
T_4.0 ;
    %load/vec4 v0x558b38b02370_0;
    %or/r;
    %flag_set/vec4 8;
    %jmp/0xz T_4.1, 8;
    %load/vec4 v0x558b38b02370_0;
    %store/vec4 v0x558b38b2e220_0, 0, 5;
    %load/vec4 v0x558b38b004e0_0;
    %store/vec4 v0x558b38b2e320_0, 0, 8;
    %fork TD_memory_test.write, S_0x558b38b2e040;
    %join;
    %load/vec4 v0x558b38b02370_0;
    %subi 1, 0, 5;
    %store/vec4 v0x558b38b02370_0, 0, 5;
    %load/vec4 v0x558b38b004e0_0;
    %addi 1, 0, 8;
    %store/vec4 v0x558b38b004e0_0, 0, 8;
    %jmp T_4.0;
T_4.1 ;
    %pushi/vec4 31, 0, 5;
    %store/vec4 v0x558b38b02370_0, 0, 5;
    %pushi/vec4 0, 0, 8;
    %store/vec4 v0x558b38b004e0_0, 0, 8;
T_4.2 ;
    %load/vec4 v0x558b38b02370_0;
    %or/r;
    %flag_set/vec4 8;
    %jmp/0xz T_4.3, 8;
    %load/vec4 v0x558b38b02370_0;
    %store/vec4 v0x558b38b2de60_0, 0, 5;
    %load/vec4 v0x558b38b004e0_0;
    %store/vec4 v0x558b38b2df60_0, 0, 8;
    %fork TD_memory_test.read, S_0x558b38b2dc30;
    %join;
    %load/vec4 v0x558b38b02370_0;
    %subi 1, 0, 5;
    %store/vec4 v0x558b38b02370_0, 0, 5;
    %load/vec4 v0x558b38b004e0_0;
    %addi 1, 0, 8;
    %store/vec4 v0x558b38b004e0_0, 0, 8;
    %jmp T_4.2;
T_4.3 ;
    %vpi_call 2 96 "$display", "TEST PASSED" {0 0 0};
    %vpi_call 2 97 "$finish" {0 0 0};
    %end;
    .scope S_0x558b38ad6d50;
t_0 %join;
    %end;
    .thread T_4;
# The file index is used to find the file name in the following table.
:file_names 3;
    "N/A";
    "<interactive>";
    "/home/pesadaum/work/cademics/src/10_task_func/memory_test.v";
