#! /usr/local/bin/vvp
:ivl_version "11.0 (stable)" "(v11_0-132-gb2f2414f4)";
:ivl_delay_selection "TYPICAL";
:vpi_time_precision + 0;
:vpi_module "/usr/local/lib/ivl/system.vpi";
:vpi_module "/usr/local/lib/ivl/vhdl_sys.vpi";
:vpi_module "/usr/local/lib/ivl/vhdl_textio.vpi";
:vpi_module "/usr/local/lib/ivl/v2005_math.vpi";
:vpi_module "/usr/local/lib/ivl/va_math.vpi";
S_0x562fc58705f0 .scope module, "dffrs" "dffrs" 2 72;
 .timescale 0 0;
    .port_info 0 /OUTPUT 1 "q";
    .port_info 1 /INPUT 1 "c";
    .port_info 2 /INPUT 1 "d";
    .port_info 3 /INPUT 1 "e";
    .port_info 4 /INPUT 1 "r";
    .port_info 5 /INPUT 1 "s";
o0x7f20ebd0f018 .functor BUFZ 1, C4<z>; HiZ drive
v0x562fc586c5e0_0 .net "c", 0 0, o0x7f20ebd0f018;  0 drivers
o0x7f20ebd0f048 .functor BUFZ 1, C4<z>; HiZ drive
v0x562fc58830e0_0 .net "d", 0 0, o0x7f20ebd0f048;  0 drivers
o0x7f20ebd0f078 .functor BUFZ 1, C4<z>; HiZ drive
v0x562fc58831a0_0 .net "e", 0 0, o0x7f20ebd0f078;  0 drivers
v0x562fc5883270_0 .var "q", 0 0;
o0x7f20ebd0f0d8 .functor BUFZ 1, C4<z>; HiZ drive
v0x562fc5883330_0 .net "r", 0 0, o0x7f20ebd0f0d8;  0 drivers
o0x7f20ebd0f108 .functor BUFZ 1, C4<z>; HiZ drive
v0x562fc5883440_0 .net "s", 0 0, o0x7f20ebd0f108;  0 drivers
E_0x562fc586f3d0/0 .event negedge, v0x562fc5883440_0, v0x562fc5883330_0;
E_0x562fc586f3d0/1 .event posedge, v0x562fc586c5e0_0;
E_0x562fc586f3d0 .event/or E_0x562fc586f3d0/0, E_0x562fc586f3d0/1;
S_0x562fc5870820 .scope module, "drive8" "drive8" 2 94;
 .timescale 0 0;
    .port_info 0 /OUTPUT 8 "y";
    .port_info 1 /INPUT 8 "a";
    .port_info 2 /INPUT 1 "e";
o0x7f20ebd0f258 .functor BUFZ 8, C4<zzzzzzzz>; HiZ drive
v0x562fc5883600_0 .net "a", 7 0, o0x7f20ebd0f258;  0 drivers
o0x7f20ebd0f288 .functor BUFZ 1, C4<z>; HiZ drive
v0x562fc5883700_0 .net "e", 0 0, o0x7f20ebd0f288;  0 drivers
v0x562fc58837c0_0 .var "y", 7 0;
E_0x562fc586f270 .event edge, v0x562fc5883700_0, v0x562fc5883600_0;
S_0x562fc586c290 .scope module, "latchrs" "latchrs" 2 47;
 .timescale 0 0;
    .port_info 0 /OUTPUT 1 "q";
    .port_info 1 /INPUT 1 "e";
    .port_info 2 /INPUT 1 "d";
    .port_info 3 /INPUT 1 "r";
    .port_info 4 /INPUT 1 "s";
o0x7f20ebd0f378 .functor BUFZ 1, C4<z>; HiZ drive
v0x562fc5883930_0 .net "d", 0 0, o0x7f20ebd0f378;  0 drivers
o0x7f20ebd0f3a8 .functor BUFZ 1, C4<z>; HiZ drive
v0x562fc5883a10_0 .net "e", 0 0, o0x7f20ebd0f3a8;  0 drivers
v0x562fc5883ad0_0 .var "q", 0 0;
o0x7f20ebd0f408 .functor BUFZ 1, C4<z>; HiZ drive
v0x562fc5883ba0_0 .net "r", 0 0, o0x7f20ebd0f408;  0 drivers
o0x7f20ebd0f438 .functor BUFZ 1, C4<z>; HiZ drive
v0x562fc5883c60_0 .net "s", 0 0, o0x7f20ebd0f438;  0 drivers
E_0x562fc586eb90 .event edge, v0x562fc5883c60_0, v0x562fc5883ba0_0, v0x562fc5883a10_0, v0x562fc5883930_0;
S_0x562fc586c450 .scope module, "priority7" "priority7" 2 23;
 .timescale 0 0;
    .port_info 0 /OUTPUT 3 "y";
    .port_info 1 /INPUT 7 "a";
o0x7f20ebd0f558 .functor BUFZ 7, C4<zzzzzzz>; HiZ drive
v0x562fc5883e50_0 .net "a", 7 1, o0x7f20ebd0f558;  0 drivers
v0x562fc5883f50_0 .var/i "i", 31 0;
v0x562fc5884030_0 .var "y", 2 0;
E_0x562fc5855c20 .event edge, v0x562fc5883e50_0;
    .scope S_0x562fc58705f0;
T_0 ;
    %wait E_0x562fc586f3d0;
    %load/vec4 v0x562fc5883440_0;
    %nor/r;
    %flag_set/vec4 8;
    %jmp/0xz  T_0.0, 8;
    %pushi/vec4 1, 0, 1;
    %assign/vec4 v0x562fc5883270_0, 0;
    %jmp T_0.1;
T_0.0 ;
    %load/vec4 v0x562fc5883330_0;
    %nor/r;
    %flag_set/vec4 8;
    %jmp/0xz  T_0.2, 8;
    %pushi/vec4 0, 0, 1;
    %assign/vec4 v0x562fc5883270_0, 0;
    %jmp T_0.3;
T_0.2 ;
    %load/vec4 v0x562fc58831a0_0;
    %flag_set/vec4 8;
    %jmp/0xz  T_0.4, 8;
    %load/vec4 v0x562fc58830e0_0;
    %assign/vec4 v0x562fc5883270_0, 0;
T_0.4 ;
T_0.3 ;
T_0.1 ;
    %jmp T_0;
    .thread T_0;
    .scope S_0x562fc5870820;
T_1 ;
    %wait E_0x562fc586f270;
    %load/vec4 v0x562fc5883700_0;
    %flag_set/vec4 8;
    %jmp/0xz  T_1.0, 8;
    %load/vec4 v0x562fc5883600_0;
    %store/vec4 v0x562fc58837c0_0, 0, 8;
    %jmp T_1.1;
T_1.0 ;
    %pushi/vec4 0, 255, 8;
    %store/vec4 v0x562fc58837c0_0, 0, 8;
T_1.1 ;
    %jmp T_1;
    .thread T_1, $push;
    .scope S_0x562fc586c290;
T_2 ;
    %wait E_0x562fc586eb90;
    %load/vec4 v0x562fc5883c60_0;
    %nor/r;
    %flag_set/vec4 8;
    %jmp/0xz  T_2.0, 8;
    %pushi/vec4 1, 0, 1;
    %assign/vec4 v0x562fc5883ad0_0, 0;
    %jmp T_2.1;
T_2.0 ;
    %load/vec4 v0x562fc5883ba0_0;
    %nor/r;
    %flag_set/vec4 8;
    %jmp/0xz  T_2.2, 8;
    %pushi/vec4 0, 0, 1;
    %assign/vec4 v0x562fc5883ad0_0, 0;
    %jmp T_2.3;
T_2.2 ;
    %load/vec4 v0x562fc5883a10_0;
    %flag_set/vec4 8;
    %jmp/0xz  T_2.4, 8;
    %load/vec4 v0x562fc5883930_0;
    %assign/vec4 v0x562fc5883ad0_0, 0;
T_2.4 ;
T_2.3 ;
T_2.1 ;
    %jmp T_2;
    .thread T_2, $push;
    .scope S_0x562fc586c450;
T_3 ;
    %wait E_0x562fc5855c20;
    %pushi/vec4 0, 0, 3;
    %store/vec4 v0x562fc5884030_0, 0, 3;
    %pushi/vec4 1, 0, 32;
    %store/vec4 v0x562fc5883f50_0, 0, 32;
T_3.0 ;
    %load/vec4 v0x562fc5883f50_0;
    %cmpi/s 8, 0, 32;
    %jmp/0xz T_3.1, 5;
    %load/vec4 v0x562fc5883e50_0;
    %load/vec4 v0x562fc5883f50_0;
    %pad/s 34;
    %subi 1, 0, 34;
    %part/s 1;
    %flag_set/vec4 8;
    %jmp/0xz  T_3.2, 8;
    %load/vec4 v0x562fc5883f50_0;
    %pad/s 3;
    %store/vec4 v0x562fc5884030_0, 0, 3;
T_3.2 ;
    %load/vec4 v0x562fc5883f50_0;
    %addi 1, 0, 32;
    %store/vec4 v0x562fc5883f50_0, 0, 32;
    %jmp T_3.0;
T_3.1 ;
    %jmp T_3;
    .thread T_3, $push;
# The file index is used to find the file name in the following table.
:file_names 3;
    "N/A";
    "<interactive>";
    "/home/pesadaum/work/cademics/src/13_library/lib.v";
