#! /usr/local/bin/vvp
:ivl_version "11.0 (stable)" "(v11_0-132-gb2f2414f4)";
:ivl_delay_selection "TYPICAL";
:vpi_time_precision - 9;
:vpi_module "/usr/local/lib/ivl/system.vpi";
:vpi_module "/usr/local/lib/ivl/vhdl_sys.vpi";
:vpi_module "/usr/local/lib/ivl/vhdl_textio.vpi";
:vpi_module "/usr/local/lib/ivl/v2005_math.vpi";
:vpi_module "/usr/local/lib/ivl/va_math.vpi";
S_0x559dee346660 .scope module, "test" "test" 2 82;
 .timescale -9 -9;
v0x559dee369d90_0 .net "gnt1a", 0 0, v0x559dee3678c0_0;  1 drivers
v0x559dee369e80_0 .net "gnt1b", 0 0, v0x559dee367fe0_0;  1 drivers
v0x559dee369f90_0 .net "gnt2a", 0 0, v0x559dee367960_0;  1 drivers
v0x559dee36a080_0 .net "gnt2b", 0 0, v0x559dee367f10_0;  1 drivers
v0x559dee36a170_0 .net "req1a", 0 0, v0x559dee368d70_0;  1 drivers
v0x559dee36a2b0_0 .net "req1b", 0 0, v0x559dee368e70_0;  1 drivers
v0x559dee36a3a0_0 .net "req2a", 0 0, v0x559dee369c90_0;  1 drivers
v0x559dee36a490_0 .net "req2b", 0 0, v0x559dee369b90_0;  1 drivers
S_0x559dee3467f0 .scope begin, "MONITOR" "MONITOR" 2 93, 2 93 0, S_0x559dee346660;
 .timescale -9 -9;
v0x559dee3469d0_0 .var/i "mcd", 31 0;
S_0x559dee367490 .scope module, "aa" "arbiter" 2 89, 2 7 0, S_0x559dee346660;
 .timescale -9 -9;
    .port_info 0 /INPUT 1 "REQ1";
    .port_info 1 /INPUT 1 "REQ2";
    .port_info 2 /OUTPUT 1 "gnt1";
    .port_info 3 /OUTPUT 1 "gnt2";
v0x559dee367720_0 .net "REQ1", 0 0, v0x559dee368d70_0;  alias, 1 drivers
v0x559dee367800_0 .net "REQ2", 0 0, v0x559dee369c90_0;  alias, 1 drivers
v0x559dee3678c0_0 .var "gnt1", 0 0;
v0x559dee367960_0 .var "gnt2", 0 0;
E_0x559dee30d810 .event edge, v0x559dee367800_0, v0x559dee367720_0;
S_0x559dee367ad0 .scope module, "ab" "arbiter" 2 90, 2 7 0, S_0x559dee346660;
 .timescale -9 -9;
    .port_info 0 /INPUT 1 "REQ1";
    .port_info 1 /INPUT 1 "REQ2";
    .port_info 2 /OUTPUT 1 "gnt1";
    .port_info 3 /OUTPUT 1 "gnt2";
v0x559dee367d70_0 .net "REQ1", 0 0, v0x559dee369b90_0;  alias, 1 drivers
v0x559dee367e50_0 .net "REQ2", 0 0, v0x559dee368e70_0;  alias, 1 drivers
v0x559dee367f10_0 .var "gnt1", 0 0;
v0x559dee367fe0_0 .var "gnt2", 0 0;
E_0x559dee344db0 .event edge, v0x559dee367e50_0, v0x559dee367d70_0;
S_0x559dee368150 .scope module, "r1" "requester" 2 87, 2 31 0, S_0x559dee346660;
 .timescale -9 -9;
    .port_info 0 /INPUT 1 "GNTA";
    .port_info 1 /INPUT 1 "GNTB";
    .port_info 2 /OUTPUT 1 "REQA";
    .port_info 3 /OUTPUT 1 "REQB";
P_0x559dee368330 .param/l "SEED" 0 2 31, +C4<00000000000000000000000000101010>;
v0x559dee368bd0_0 .net "GNTA", 0 0, v0x559dee3678c0_0;  alias, 1 drivers
v0x559dee368ca0_0 .net "GNTB", 0 0, v0x559dee367fe0_0;  alias, 1 drivers
v0x559dee368d70_0 .var "REQA", 0 0;
v0x559dee368e70_0 .var "REQB", 0 0;
S_0x559dee368470 .scope begin, "REQUEST" "REQUEST" 2 49, 2 49 0, S_0x559dee368150;
 .timescale -9 -9;
v0x559dee3688d0_0 .var/i "seed", 31 0;
S_0x559dee368670 .scope begin, "LOOP" "LOOP" 2 54, 2 54 0, S_0x559dee368470;
 .timescale -9 -9;
E_0x559dee32fc60 .event edge, v0x559dee367fe0_0;
E_0x559dee33c0e0 .event edge, v0x559dee3678c0_0;
S_0x559dee3689d0 .scope task, "watchdog" "watchdog" 2 39, 2 39 0, S_0x559dee368150;
 .timescale -9 -9;
TD_test.r1.watchdog ;
    %delay 20, 0;
    %pushi/vec4 0, 0, 1;
    %force/vec4 v0x559dee368d70_0;
    %pushi/vec4 0, 0, 1;
    %force/vec4 v0x559dee368e70_0;
    %disable S_0x559dee368670;
    %end;
S_0x559dee368f70 .scope module, "r2" "requester" 2 88, 2 31 0, S_0x559dee346660;
 .timescale -9 -9;
    .port_info 0 /INPUT 1 "GNTA";
    .port_info 1 /INPUT 1 "GNTB";
    .port_info 2 /OUTPUT 1 "REQA";
    .port_info 3 /OUTPUT 1 "REQB";
P_0x559dee3691a0 .param/l "SEED" 0 2 31, +C4<00000000000000000000000001010110>;
v0x559dee3699f0_0 .net "GNTA", 0 0, v0x559dee367f10_0;  alias, 1 drivers
v0x559dee369ac0_0 .net "GNTB", 0 0, v0x559dee367960_0;  alias, 1 drivers
v0x559dee369b90_0 .var "REQA", 0 0;
v0x559dee369c90_0 .var "REQB", 0 0;
S_0x559dee3692b0 .scope begin, "REQUEST" "REQUEST" 2 49, 2 49 0, S_0x559dee368f70;
 .timescale -9 -9;
v0x559dee3696f0_0 .var/i "seed", 31 0;
S_0x559dee369490 .scope begin, "LOOP" "LOOP" 2 54, 2 54 0, S_0x559dee3692b0;
 .timescale -9 -9;
E_0x559dee33c700 .event edge, v0x559dee367960_0;
E_0x559dee33ce50 .event edge, v0x559dee367f10_0;
S_0x559dee3697f0 .scope task, "watchdog" "watchdog" 2 39, 2 39 0, S_0x559dee368f70;
 .timescale -9 -9;
TD_test.r2.watchdog ;
    %delay 20, 0;
    %pushi/vec4 0, 0, 1;
    %force/vec4 v0x559dee369b90_0;
    %pushi/vec4 0, 0, 1;
    %force/vec4 v0x559dee369c90_0;
    %disable S_0x559dee369490;
    %end;
    .scope S_0x559dee368150;
T_2 ;
    %fork t_1, S_0x559dee368470;
    %jmp t_0;
    .scope S_0x559dee368470;
t_1 ;
    %pushi/vec4 42, 0, 32;
    %store/vec4 v0x559dee3688d0_0, 0, 32;
    %pushi/vec4 0, 0, 1;
    %store/vec4 v0x559dee368d70_0, 0, 1;
    %pushi/vec4 0, 0, 1;
    %store/vec4 v0x559dee368e70_0, 0, 1;
T_2.0 ;
    %fork t_3, S_0x559dee368670;
    %jmp t_2;
    .scope S_0x559dee368670;
t_3 ;
    %vpi_func 2 55 "$dist_uniform" 32, v0x559dee3688d0_0, 32'sb00000000000000000000000000000001, 32'sb00000000000000000000000000000011 {0 0 0};
    %pad/s 64;
    %muli 1, 0, 64;
    %ix/vec4 4;
    %delayx 4;
    %vpi_func 2 56 "$random" 32 {0 0 0};
    %pad/s 1;
    %store/vec4 v0x559dee368d70_0, 0, 1;
    %vpi_func 2 57 "$random" 32 {0 0 0};
    %pad/s 1;
    %store/vec4 v0x559dee368e70_0, 0, 1;
    %load/vec4 v0x559dee368d70_0;
    %flag_set/vec4 8;
    %jmp/0xz  T_2.1, 8;
    %fork t_5, S_0x559dee368670;
    %fork t_6, S_0x559dee368670;
    %join;
    %join;
    %jmp t_4;
t_5 ;
    %fork TD_test.r1.watchdog, S_0x559dee3689d0;
    %join;
    %end;
t_6 ;
T_2.3 ;
    %load/vec4 v0x559dee368bd0_0;
    %cmpi/ne 1, 0, 1;
    %jmp/0xz T_2.4, 6;
    %wait E_0x559dee33c0e0;
    %jmp T_2.3;
T_2.4 ;
    %disable S_0x559dee3689d0;
    %end;
    .scope S_0x559dee368670;
t_4 ;
T_2.1 ;
    %load/vec4 v0x559dee368e70_0;
    %flag_set/vec4 8;
    %jmp/0xz  T_2.5, 8;
    %fork t_8, S_0x559dee368670;
    %fork t_9, S_0x559dee368670;
    %join;
    %join;
    %jmp t_7;
t_8 ;
    %fork TD_test.r1.watchdog, S_0x559dee3689d0;
    %join;
    %end;
t_9 ;
T_2.7 ;
    %load/vec4 v0x559dee368ca0_0;
    %cmpi/ne 1, 0, 1;
    %jmp/0xz T_2.8, 6;
    %wait E_0x559dee32fc60;
    %jmp T_2.7;
T_2.8 ;
    %disable S_0x559dee3689d0;
    %end;
    .scope S_0x559dee368670;
t_7 ;
T_2.5 ;
    %end;
    .scope S_0x559dee368470;
t_2 %join;
    %jmp T_2.0;
    %end;
    .scope S_0x559dee368150;
t_0 %join;
    %end;
    .thread T_2;
    .scope S_0x559dee368f70;
T_3 ;
    %fork t_11, S_0x559dee3692b0;
    %jmp t_10;
    .scope S_0x559dee3692b0;
t_11 ;
    %pushi/vec4 86, 0, 32;
    %store/vec4 v0x559dee3696f0_0, 0, 32;
    %pushi/vec4 0, 0, 1;
    %store/vec4 v0x559dee369b90_0, 0, 1;
    %pushi/vec4 0, 0, 1;
    %store/vec4 v0x559dee369c90_0, 0, 1;
T_3.0 ;
    %fork t_13, S_0x559dee369490;
    %jmp t_12;
    .scope S_0x559dee369490;
t_13 ;
    %vpi_func 2 55 "$dist_uniform" 32, v0x559dee3696f0_0, 32'sb00000000000000000000000000000001, 32'sb00000000000000000000000000000011 {0 0 0};
    %pad/s 64;
    %muli 1, 0, 64;
    %ix/vec4 4;
    %delayx 4;
    %vpi_func 2 56 "$random" 32 {0 0 0};
    %pad/s 1;
    %store/vec4 v0x559dee369b90_0, 0, 1;
    %vpi_func 2 57 "$random" 32 {0 0 0};
    %pad/s 1;
    %store/vec4 v0x559dee369c90_0, 0, 1;
    %load/vec4 v0x559dee369b90_0;
    %flag_set/vec4 8;
    %jmp/0xz  T_3.1, 8;
    %fork t_15, S_0x559dee369490;
    %fork t_16, S_0x559dee369490;
    %join;
    %join;
    %jmp t_14;
t_15 ;
    %fork TD_test.r2.watchdog, S_0x559dee3697f0;
    %join;
    %end;
t_16 ;
T_3.3 ;
    %load/vec4 v0x559dee3699f0_0;
    %cmpi/ne 1, 0, 1;
    %jmp/0xz T_3.4, 6;
    %wait E_0x559dee33ce50;
    %jmp T_3.3;
T_3.4 ;
    %disable S_0x559dee3697f0;
    %end;
    .scope S_0x559dee369490;
t_14 ;
T_3.1 ;
    %load/vec4 v0x559dee369c90_0;
    %flag_set/vec4 8;
    %jmp/0xz  T_3.5, 8;
    %fork t_18, S_0x559dee369490;
    %fork t_19, S_0x559dee369490;
    %join;
    %join;
    %jmp t_17;
t_18 ;
    %fork TD_test.r2.watchdog, S_0x559dee3697f0;
    %join;
    %end;
t_19 ;
T_3.7 ;
    %load/vec4 v0x559dee369ac0_0;
    %cmpi/ne 1, 0, 1;
    %jmp/0xz T_3.8, 6;
    %wait E_0x559dee33c700;
    %jmp T_3.7;
T_3.8 ;
    %disable S_0x559dee3697f0;
    %end;
    .scope S_0x559dee369490;
t_17 ;
T_3.5 ;
    %end;
    .scope S_0x559dee3692b0;
t_12 %join;
    %jmp T_3.0;
    %end;
    .scope S_0x559dee368f70;
t_10 %join;
    %end;
    .thread T_3;
    .scope S_0x559dee367490;
T_4 ;
    %pushi/vec4 0, 0, 1;
    %store/vec4 v0x559dee3678c0_0, 0, 1;
    %pushi/vec4 0, 0, 1;
    %store/vec4 v0x559dee367960_0, 0, 1;
T_4.0 ;
    %wait E_0x559dee30d810;
    %load/vec4 v0x559dee367720_0;
    %flag_set/vec4 9;
    %flag_get/vec4 9;
    %jmp/0 T_4.2, 9;
    %load/vec4 v0x559dee367800_0;
    %nor/r;
    %and;
T_4.2;
    %flag_set/vec4 8;
    %flag_get/vec4 8;
    %jmp/1 T_4.1, 8;
    %load/vec4 v0x559dee367720_0;
    %flag_set/vec4 9;
    %flag_get/vec4 9;
    %jmp/0 T_4.4, 9;
    %load/vec4 v0x559dee367800_0;
    %and;
T_4.4;
    %flag_set/vec4 8;
    %flag_get/vec4 8;
    %jmp/0 T_4.3, 8;
    %load/vec4 v0x559dee367960_0;
    %nor/r;
    %and;
T_4.3;
    %or;
T_4.1;
    %assign/vec4 v0x559dee3678c0_0, 0;
    %load/vec4 v0x559dee367800_0;
    %flag_set/vec4 9;
    %flag_get/vec4 9;
    %jmp/0 T_4.6, 9;
    %load/vec4 v0x559dee367720_0;
    %nor/r;
    %and;
T_4.6;
    %flag_set/vec4 8;
    %flag_get/vec4 8;
    %jmp/1 T_4.5, 8;
    %load/vec4 v0x559dee367800_0;
    %flag_set/vec4 9;
    %flag_get/vec4 9;
    %jmp/0 T_4.8, 9;
    %load/vec4 v0x559dee367720_0;
    %and;
T_4.8;
    %flag_set/vec4 8;
    %flag_get/vec4 8;
    %jmp/0 T_4.7, 8;
    %load/vec4 v0x559dee367960_0;
    %and;
T_4.7;
    %or;
T_4.5;
    %assign/vec4 v0x559dee367960_0, 0;
    %jmp T_4.0;
    %end;
    .thread T_4;
    .scope S_0x559dee367ad0;
T_5 ;
    %pushi/vec4 0, 0, 1;
    %store/vec4 v0x559dee367f10_0, 0, 1;
    %pushi/vec4 0, 0, 1;
    %store/vec4 v0x559dee367fe0_0, 0, 1;
T_5.0 ;
    %wait E_0x559dee344db0;
    %load/vec4 v0x559dee367d70_0;
    %flag_set/vec4 9;
    %flag_get/vec4 9;
    %jmp/0 T_5.2, 9;
    %load/vec4 v0x559dee367e50_0;
    %nor/r;
    %and;
T_5.2;
    %flag_set/vec4 8;
    %flag_get/vec4 8;
    %jmp/1 T_5.1, 8;
    %load/vec4 v0x559dee367d70_0;
    %flag_set/vec4 9;
    %flag_get/vec4 9;
    %jmp/0 T_5.4, 9;
    %load/vec4 v0x559dee367e50_0;
    %and;
T_5.4;
    %flag_set/vec4 8;
    %flag_get/vec4 8;
    %jmp/0 T_5.3, 8;
    %load/vec4 v0x559dee367fe0_0;
    %nor/r;
    %and;
T_5.3;
    %or;
T_5.1;
    %assign/vec4 v0x559dee367f10_0, 0;
    %load/vec4 v0x559dee367e50_0;
    %flag_set/vec4 9;
    %flag_get/vec4 9;
    %jmp/0 T_5.6, 9;
    %load/vec4 v0x559dee367d70_0;
    %nor/r;
    %and;
T_5.6;
    %flag_set/vec4 8;
    %flag_get/vec4 8;
    %jmp/1 T_5.5, 8;
    %load/vec4 v0x559dee367e50_0;
    %flag_set/vec4 9;
    %flag_get/vec4 9;
    %jmp/0 T_5.8, 9;
    %load/vec4 v0x559dee367d70_0;
    %and;
T_5.8;
    %flag_set/vec4 8;
    %flag_get/vec4 8;
    %jmp/0 T_5.7, 8;
    %load/vec4 v0x559dee367fe0_0;
    %and;
T_5.7;
    %or;
T_5.5;
    %assign/vec4 v0x559dee367fe0_0, 0;
    %jmp T_5.0;
    %end;
    .thread T_5;
    .scope S_0x559dee346660;
T_6 ;
    %fork t_21, S_0x559dee3467f0;
    %jmp t_20;
    .scope S_0x559dee3467f0;
t_21 ;
    %vpi_call 2 95 "$timeformat", 32'sb11111111111111111111111111110111, 32'sb00000000000000000000000000000000, "\000", 32'sb00000000000000000000000000000100 {0 0 0};
    %vpi_func 2 96 "$fopen" 32, "outfile.txt" {0 0 0};
    %store/vec4 v0x559dee3469d0_0, 0, 32;
    %vpi_call 2 97 "$fdisplay", v0x559dee3469d0_0, "time  r1 r2  g1 g2" {0 0 0};
    %vpi_call 2 98 "$fmonitor", v0x559dee3469d0_0, "%t  %b%b %b%b  %b%b %b%b", $time, v0x559dee36a170_0, v0x559dee36a2b0_0, v0x559dee36a3a0_0, v0x559dee36a490_0, v0x559dee369d90_0, v0x559dee369e80_0, v0x559dee369f90_0, v0x559dee36a080_0 {0 0 0};
    %delay 99, 0;
    %vpi_call 2 100 "$finish" {0 0 0};
    %end;
    .scope S_0x559dee346660;
t_20 %join;
    %end;
    .thread T_6;
# The file index is used to find the file name in the following table.
:file_names 3;
    "N/A";
    "<interactive>";
    "/home/pesadaum/work/cademics/src/19_deadlock/test.v";
