#! /usr/local/bin/vvp
:ivl_version "11.0 (stable)" "(v11_0-132-gb2f2414f4)";
:ivl_delay_selection "TYPICAL";
:vpi_time_precision + 0;
:vpi_module "/usr/local/lib/ivl/system.vpi";
:vpi_module "/usr/local/lib/ivl/vhdl_sys.vpi";
:vpi_module "/usr/local/lib/ivl/vhdl_textio.vpi";
:vpi_module "/usr/local/lib/ivl/v2005_math.vpi";
:vpi_module "/usr/local/lib/ivl/va_math.vpi";
S_0x556f4d2f4dc0 .scope module, "driver" "driver" 2 1;
 .timescale 0 0;
    .port_info 0 /INPUT 8 "data_in";
    .port_info 1 /INPUT 1 "data_en";
    .port_info 2 /OUTPUT 8 "data_out";
P_0x556f4d2f58c0 .param/l "WIDTH" 0 2 1, +C4<00000000000000000000000000001000>;
o0x7f51fae92018 .functor BUFZ 8, C4<zzzzzzzz>; HiZ drive
; Elide local net with no drivers, v0x556f4d2f62b0_0 name=_ivl_0
o0x7f51fae92048 .functor BUFZ 1, C4<z>; HiZ drive
v0x556f4d33b110_0 .net "data_en", 0 0, o0x7f51fae92048;  0 drivers
o0x7f51fae92078 .functor BUFZ 8, C4<zzzzzzzz>; HiZ drive
v0x556f4d33b1d0_0 .net "data_in", 7 0, o0x7f51fae92078;  0 drivers
v0x556f4d33b2c0_0 .net "data_out", 7 0, L_0x556f4d33b420;  1 drivers
L_0x556f4d33b420 .functor MUXZ 8, o0x7f51fae92018, o0x7f51fae92078, o0x7f51fae92048, C4<>;
# The file index is used to find the file name in the following table.
:file_names 3;
    "N/A";
    "<interactive>";
    "/home/pesadaum/work/cademics/src/04_data_driver/driver.v";
