#! /usr/local/bin/vvp
:ivl_version "11.0 (stable)" "(v11_0-132-gb2f2414f4)";
:ivl_delay_selection "TYPICAL";
:vpi_time_precision + 0;
:vpi_module "/usr/local/lib/ivl/system.vpi";
:vpi_module "/usr/local/lib/ivl/vhdl_sys.vpi";
:vpi_module "/usr/local/lib/ivl/vhdl_textio.vpi";
:vpi_module "/usr/local/lib/ivl/v2005_math.vpi";
:vpi_module "/usr/local/lib/ivl/va_math.vpi";
S_0x5564ff044db0 .scope module, "register" "register" 2 1;
 .timescale 0 0;
    .port_info 0 /INPUT 8 "data_in";
    .port_info 1 /INPUT 1 "load";
    .port_info 2 /INPUT 1 "clk";
    .port_info 3 /INPUT 1 "rst";
    .port_info 4 /OUTPUT 8 "data_out";
P_0x5564ff044f40 .param/l "WIDTH" 0 2 1, +C4<00000000000000000000000000001000>;
o0x7f5b2f8ae018 .functor BUFZ 1, C4<z>; HiZ drive
v0x5564ff045030_0 .net "clk", 0 0, o0x7f5b2f8ae018;  0 drivers
o0x7f5b2f8ae048 .functor BUFZ 8, C4<zzzzzzzz>; HiZ drive
v0x5564ff08c8a0_0 .net "data_in", 7 0, o0x7f5b2f8ae048;  0 drivers
v0x5564ff08c980_0 .var "data_out", 7 0;
o0x7f5b2f8ae0a8 .functor BUFZ 1, C4<z>; HiZ drive
v0x5564ff08ca70_0 .net "load", 0 0, o0x7f5b2f8ae0a8;  0 drivers
o0x7f5b2f8ae0d8 .functor BUFZ 1, C4<z>; HiZ drive
v0x5564ff08cb30_0 .net "rst", 0 0, o0x7f5b2f8ae0d8;  0 drivers
E_0x5564ff045880 .event posedge, v0x5564ff045030_0;
    .scope S_0x5564ff044db0;
T_0 ;
    %wait E_0x5564ff045880;
    %load/vec4 v0x5564ff08cb30_0;
    %flag_set/vec4 8;
    %jmp/0xz  T_0.0, 8;
    %pushi/vec4 0, 0, 8;
    %store/vec4 v0x5564ff08c980_0, 0, 8;
    %jmp T_0.1;
T_0.0 ;
    %load/vec4 v0x5564ff08ca70_0;
    %flag_set/vec4 8;
    %jmp/0 T_0.2, 8;
    %load/vec4 v0x5564ff08c8a0_0;
    %jmp/1 T_0.3, 8;
T_0.2 ; End of true expr.
    %load/vec4 v0x5564ff08c980_0;
    %jmp/0 T_0.3, 8;
 ; End of false expr.
    %blend;
T_0.3;
    %assign/vec4 v0x5564ff08c980_0, 0;
T_0.1 ;
    %jmp T_0;
    .thread T_0;
# The file index is used to find the file name in the following table.
:file_names 3;
    "N/A";
    "<interactive>";
    "/home/pesadaum/work/cademics/src/07_register/register.v";
